android/tablet/build/intermediates/manifest_merge_blame_file/debug/processDebugMainManifest/manifest-merger-blame-debug-report.txt
1<?xml version="1.0" encoding="utf-8"?>
2<manifest xmlns:android="http://schemas.android.com/apk/res/android"
3    package="com.continuumstudio.tablet"
4    android:versionCode="1"
5    android:versionName="0.1.0" >
6
7    <uses-sdk
8        android:minSdkVersion="28"
9        android:targetSdkVersion="35" />
10
11    <uses-permission android:name="android.permission.INTERNET" />
11-->src/main/AndroidManifest.xml:4:5-67
11-->src/main/AndroidManifest.xml:4:22-64
12    <uses-permission android:name="android.permission.ACCESS_NETWORK_STATE" />
12-->src/main/AndroidManifest.xml:5:5-79
12-->src/main/AndroidManifest.xml:5:22-76
13
14    <!-- Tablet-specific features -->
15    <uses-feature
15-->src/main/AndroidManifest.xml:8:5-10:36
16        android:name="android.hardware.type.pc"
16-->src/main/AndroidManifest.xml:9:9-48
17        android:required="false" />
17-->src/main/AndroidManifest.xml:10:9-33
18    <uses-feature
18-->src/main/AndroidManifest.xml:11:5-13:36
19        android:name="android.software.freeform_window_management"
19-->src/main/AndroidManifest.xml:12:9-67
20        android:required="false" />
20-->src/main/AndroidManifest.xml:13:9-33
21
22    <permission
22-->[androidx.core:core:1.13.1] AndroidManifest.xml:22:5-24:47
23        android:name="com.continuumstudio.tablet.DYNAMIC_RECEIVER_NOT_EXPORTED_PERMISSION"
23-->[androidx.core:core:1.13.1] AndroidManifest.xml:23:9-81
24        android:protectionLevel="signature" />
24-->[androidx.core:core:1.13.1] AndroidManifest.xml:24:9-44
25
26    <uses-permission android:name="com.continuumstudio.tablet.DYNAMIC_RECEIVER_NOT_EXPORTED_PERMISSION" />
26-->[androidx.core:core:1.13.1] AndroidManifest.xml:26:5-97
26-->[androidx.core:core:1.13.1] AndroidManifest.xml:26:22-94
27
28    <application
28-->src/main/AndroidManifest.xml:15:5-44:19
29        android:allowBackup="true"
29-->src/main/AndroidManifest.xml:16:9-35
30        android:appComponentFactory="androidx.core.app.CoreComponentFactory"
30-->[androidx.core:core:1.13.1] AndroidManifest.xml:28:18-86
31        android:configChanges="screenSize|smallestScreenSize|screenLayout|orientation"
31-->src/main/AndroidManifest.xml:24:9-87
32        android:debuggable="true"
33        android:extractNativeLibs="false"
34        android:icon="@mipmap/ic_launcher"
34-->src/main/AndroidManifest.xml:17:9-43
35        android:label="@string/app_name"
35-->src/main/AndroidManifest.xml:18:9-41
36        android:resizeableActivity="true"
36-->src/main/AndroidManifest.xml:22:9-42
37        android:roundIcon="@mipmap/ic_launcher_round"
37-->src/main/AndroidManifest.xml:19:9-54
38        android:supportsRtl="true"
38-->src/main/AndroidManifest.xml:20:9-35
39        android:theme="@style/Theme.ContinuumTablet"
39-->src/main/AndroidManifest.xml:21:9-53
40        android:usesCleartextTraffic="true" >
40-->src/main/AndroidManifest.xml:23:9-44
41        <activity
41-->src/main/AndroidManifest.xml:26:9-37:20
42            android:name="com.continuumstudio.tablet.MainActivity"
42-->src/main/AndroidManifest.xml:27:13-41
43            android:exported="true"
43-->src/main/AndroidManifest.xml:28:13-36
44            android:launchMode="singleTask"
44-->src/main/AndroidManifest.xml:31:13-44
45            android:theme="@style/Theme.ContinuumTablet"
45-->src/main/AndroidManifest.xml:29:13-57
46            android:windowSoftInputMode="adjustResize" >
46-->src/main/AndroidManifest.xml:30:13-55
47            <intent-filter>
47-->src/main/AndroidManifest.xml:32:13-36:29
48                <action android:name="android.intent.action.MAIN" />
48-->src/main/AndroidManifest.xml:33:17-69
48-->src/main/AndroidManifest.xml:33:25-66
49
50                <category android:name="android.intent.category.LAUNCHER" />
50-->src/main/AndroidManifest.xml:34:17-77
50-->src/main/AndroidManifest.xml:34:27-74
51                <category android:name="android.intent.category.LEANBACK_LAUNCHER" />
51-->src/main/AndroidManifest.xml:35:17-86
51-->src/main/AndroidManifest.xml:35:27-83
52            </intent-filter>
53        </activity>
54
55        <!-- TTS Service for 5-Foot Mode -->
56        <service
56-->src/main/AndroidManifest.xml:40:9-42:40
57            android:name="com.continuumstudio.tablet.service.TtsService"
57-->src/main/AndroidManifest.xml:41:13-47
58            android:exported="false" />
58-->src/main/AndroidManifest.xml:42:13-37
59        <service
59-->[androidx.room:room-runtime:2.6.1] AndroidManifest.xml:24:9-28:63
60            android:name="androidx.room.MultiInstanceInvalidationService"
60-->[androidx.room:room-runtime:2.6.1] AndroidManifest.xml:25:13-74
61            android:directBootAware="true"
61-->[androidx.room:room-runtime:2.6.1] AndroidManifest.xml:26:13-43
62            android:exported="false" />
62-->[androidx.room:room-runtime:2.6.1] AndroidManifest.xml:27:13-37
63
64        <activity
64-->[androidx.compose.ui:ui-tooling-android:1.7.0] AndroidManifest.xml:23:9-25:39
65            android:name="androidx.compose.ui.tooling.PreviewActivity"
65-->[androidx.compose.ui:ui-tooling-android:1.7.0] AndroidManifest.xml:24:13-71
66            android:exported="true" />
66-->[androidx.compose.ui:ui-tooling-android:1.7.0] AndroidManifest.xml:25:13-36
67        <activity
67-->[androidx.compose.ui:ui-test-manifest:1.7.0] AndroidManifest.xml:23:9-25:39
68            android:name="androidx.activity.ComponentActivity"
68-->[androidx.compose.ui:ui-test-manifest:1.7.0] AndroidManifest.xml:24:13-63
69            android:exported="true" />
69-->[androidx.compose.ui:ui-test-manifest:1.7.0] AndroidManifest.xml:25:13-36
70
71        <provider
71-->[androidx.emoji2:emoji2:1.3.0] AndroidManifest.xml:24:9-32:20
72            android:name="androidx.startup.InitializationProvider"
72-->[androidx.emoji2:emoji2:1.3.0] AndroidManifest.xml:25:13-67
73            android:authorities="com.continuumstudio.tablet.androidx-startup"
73-->[androidx.emoji2:emoji2:1.3.0] AndroidManifest.xml:26:13-68
74            android:exported="false" >
74-->[androidx.emoji2:emoji2:1.3.0] AndroidManifest.xml:27:13-37
75            <meta-data
75-->[androidx.emoji2:emoji2:1.3.0] AndroidManifest.xml:29:13-31:52
76                android:name="androidx.emoji2.text.EmojiCompatInitializer"
76-->[androidx.emoji2:emoji2:1.3.0] AndroidManifest.xml:30:17-75
77                android:value="androidx.startup" />
77-->[androidx.emoji2:emoji2:1.3.0] AndroidManifest.xml:31:17-49
78            <meta-data
78-->[androidx.lifecycle:lifecycle-process:2.8.3] AndroidManifest.xml:29:13-31:52
79                android:name="androidx.lifecycle.ProcessLifecycleInitializer"
79-->[androidx.lifecycle:lifecycle-process:2.8.3] AndroidManifest.xml:30:17-78
80                android:value="androidx.startup" />
80-->[androidx.lifecycle:lifecycle-process:2.8.3] AndroidManifest.xml:31:17-49
81            <meta-data
81-->[androidx.profileinstaller:profileinstaller:1.3.1] AndroidManifest.xml:29:13-31:52
82                android:name="androidx.profileinstaller.ProfileInstallerInitializer"
82-->[androidx.profileinstaller:profileinstaller:1.3.1] AndroidManifest.xml:30:17-85
83                android:value="androidx.startup" />
83-->[androidx.profileinstaller:profileinstaller:1.3.1] AndroidManifest.xml:31:17-49
84        </provider>
85
86        <receiver
86-->[androidx.profileinstaller:profileinstaller:1.3.1] AndroidManifest.xml:34:9-52:20
87            android:name="androidx.profileinstaller.ProfileInstallReceiver"
87-->[androidx.profileinstaller:profileinstaller:1.3.1] AndroidManifest.xml:35:13-76
88            android:directBootAware="false"
88-->[androidx.profileinstaller:profileinstaller:1.3.1] AndroidManifest.xml:36:13-44
89            android:enabled="true"
89-->[androidx.profileinstaller:profileinstaller:1.3.1] AndroidManifest.xml:37:13-35
90            android:exported="true"
90-->[androidx.profileinstaller:profileinstaller:1.3.1] AndroidManifest.xml:38:13-36
91            android:permission="android.permission.DUMP" >
91-->[androidx.profileinstaller:profileinstaller:1.3.1] AndroidManifest.xml:39:13-57
92            <intent-filter>
92-->[androidx.profileinstaller:profileinstaller:1.3.1] AndroidManifest.xml:40:13-42:29
93                <action android:name="androidx.profileinstaller.action.INSTALL_PROFILE" />
93-->[androidx.profileinstaller:profileinstaller:1.3.1] AndroidManifest.xml:41:17-91
93-->[androidx.profileinstaller:profileinstaller:1.3.1] AndroidManifest.xml:41:25-88
94            </intent-filter>
95            <intent-filter>
95-->[androidx.profileinstaller:profileinstaller:1.3.1] AndroidManifest.xml:43:13-45:29
96                <action android:name="androidx.profileinstaller.action.SKIP_FILE" />
96-->[androidx.profileinstaller:profileinstaller:1.3.1] AndroidManifest.xml:44:17-85
96-->[androidx.profileinstaller:profileinstaller:1.3.1] AndroidManifest.xml:44:25-82
97            </intent-filter>
98            <intent-filter>
98-->[androidx.profileinstaller:profileinstaller:1.3.1] AndroidManifest.xml:46:13-48:29
99                <action android:name="androidx.profileinstaller.action.SAVE_PROFILE" />
99-->[androidx.profileinstaller:profileinstaller:1.3.1] AndroidManifest.xml:47:17-88
99-->[androidx.profileinstaller:profileinstaller:1.3.1] AndroidManifest.xml:47:25-85
100            </intent-filter>
101            <intent-filter>
101-->[androidx.profileinstaller:profileinstaller:1.3.1] AndroidManifest.xml:49:13-51:29
102                <action android:name="androidx.profileinstaller.action.BENCHMARK_OPERATION" />
102-->[androidx.profileinstaller:profileinstaller:1.3.1] AndroidManifest.xml:50:17-95
102-->[androidx.profileinstaller:profileinstaller:1.3.1] AndroidManifest.xml:50:25-92
103            </intent-filter>
104        </receiver>
105    </application>
106
107</manifest>